{"C:\\Users\\Ana\\Desktop\\proiect-nodejs\\proiect-nodejs\\client.js": {"path":"C:\\Users\\Ana\\Desktop\\proiect-nodejs\\proiect-nodejs\\client.js","statementMap":{"0":{"start":{"line":3,"column":15},"end":{"line":3,"column":33}}},"fnMap":{},"branchMap":{},"s":{"0":1},"f":{},"b":{},"_coverageSchema":"1a1c01bbd47fc00a2c39e90264f33305004495a9","hash":"68cfdd0ac0753638d98be29bd375c02992f8c4c2"}
,"C:\\Users\\Ana\\Desktop\\proiect-nodejs\\proiect-nodejs\\src\\constants\\prisma-errors.js": {"path":"C:\\Users\\Ana\\Desktop\\proiect-nodejs\\proiect-nodejs\\src\\constants\\prisma-errors.js","statementMap":{},"fnMap":{},"branchMap":{},"s":{},"f":{},"b":{},"_coverageSchema":"1a1c01bbd47fc00a2c39e90264f33305004495a9","hash":"fc8eb76f86ad99556d33fcb35a2e72d848d8d02f"}
,"C:\\Users\\Ana\\Desktop\\proiect-nodejs\\proiect-nodejs\\src\\services\\posts.js": {"path":"C:\\Users\\Ana\\Desktop\\proiect-nodejs\\proiect-nodejs\\src\\services\\posts.js","statementMap":{"0":{"start":{"line":6,"column":19},"end":{"line":32,"column":1}},"1":{"start":{"line":7,"column":19},"end":{"line":29,"column":6}},"2":{"start":{"line":17,"column":20},"end":{"line":19,"column":21}},"3":{"start":{"line":28,"column":8},"end":{"line":28,"column":48}},"4":{"start":{"line":31,"column":4},"end":{"line":31,"column":18}},"5":{"start":{"line":34,"column":16},"end":{"line":57,"column":1}},"6":{"start":{"line":35,"column":19},"end":{"line":54,"column":6}},"7":{"start":{"line":50,"column":8},"end":{"line":52,"column":9}},"8":{"start":{"line":51,"column":12},"end":{"line":51,"column":73}},"9":{"start":{"line":53,"column":8},"end":{"line":53,"column":48}},"10":{"start":{"line":56,"column":4},"end":{"line":56,"column":18}},"11":{"start":{"line":59,"column":19},"end":{"line":90,"column":1}},"12":{"start":{"line":60,"column":4},"end":{"line":89,"column":5}},"13":{"start":{"line":61,"column":23},"end":{"line":82,"column":10}},"14":{"start":{"line":71,"column":28},"end":{"line":73,"column":29}},"15":{"start":{"line":83,"column":8},"end":{"line":83,"column":25}},"16":{"start":{"line":85,"column":8},"end":{"line":87,"column":9}},"17":{"start":{"line":86,"column":12},"end":{"line":86,"column":73}},"18":{"start":{"line":88,"column":8},"end":{"line":88,"column":48}},"19":{"start":{"line":92,"column":19},"end":{"line":105,"column":1}},"20":{"start":{"line":93,"column":19},"end":{"line":102,"column":6}},"21":{"start":{"line":98,"column":8},"end":{"line":100,"column":9}},"22":{"start":{"line":99,"column":12},"end":{"line":99,"column":79}},"23":{"start":{"line":101,"column":8},"end":{"line":101,"column":48}},"24":{"start":{"line":104,"column":4},"end":{"line":104,"column":18}},"25":{"start":{"line":107,"column":17},"end":{"line":125,"column":1}},"26":{"start":{"line":108,"column":4},"end":{"line":124,"column":5}},"27":{"start":{"line":109,"column":23},"end":{"line":120,"column":10}},"28":{"start":{"line":121,"column":8},"end":{"line":121,"column":22}},"29":{"start":{"line":123,"column":8},"end":{"line":123,"column":48}}},"fnMap":{"0":{"name":"(anonymous_0)","decl":{"start":{"line":6,"column":19},"end":{"line":6,"column":20}},"loc":{"start":{"line":6,"column":47},"end":{"line":32,"column":1}},"line":6},"1":{"name":"(anonymous_1)","decl":{"start":{"line":16,"column":43},"end":{"line":16,"column":44}},"loc":{"start":{"line":17,"column":20},"end":{"line":19,"column":21}},"line":17},"2":{"name":"(anonymous_2)","decl":{"start":{"line":27,"column":13},"end":{"line":27,"column":14}},"loc":{"start":{"line":27,"column":24},"end":{"line":29,"column":5}},"line":27},"3":{"name":"(anonymous_3)","decl":{"start":{"line":34,"column":16},"end":{"line":34,"column":17}},"loc":{"start":{"line":34,"column":34},"end":{"line":57,"column":1}},"line":34},"4":{"name":"(anonymous_4)","decl":{"start":{"line":49,"column":13},"end":{"line":49,"column":14}},"loc":{"start":{"line":49,"column":24},"end":{"line":54,"column":5}},"line":49},"5":{"name":"(anonymous_5)","decl":{"start":{"line":59,"column":19},"end":{"line":59,"column":20}},"loc":{"start":{"line":59,"column":47},"end":{"line":90,"column":1}},"line":59},"6":{"name":"(anonymous_6)","decl":{"start":{"line":70,"column":51},"end":{"line":70,"column":52}},"loc":{"start":{"line":71,"column":28},"end":{"line":73,"column":29}},"line":71},"7":{"name":"(anonymous_7)","decl":{"start":{"line":92,"column":19},"end":{"line":92,"column":20}},"loc":{"start":{"line":92,"column":37},"end":{"line":105,"column":1}},"line":92},"8":{"name":"(anonymous_8)","decl":{"start":{"line":97,"column":13},"end":{"line":97,"column":14}},"loc":{"start":{"line":97,"column":24},"end":{"line":102,"column":5}},"line":97},"9":{"name":"(anonymous_9)","decl":{"start":{"line":107,"column":17},"end":{"line":107,"column":18}},"loc":{"start":{"line":107,"column":29},"end":{"line":125,"column":1}},"line":107}},"branchMap":{"0":{"loc":{"start":{"line":50,"column":8},"end":{"line":52,"column":9}},"type":"if","locations":[{"start":{"line":50,"column":8},"end":{"line":52,"column":9}},{"start":{},"end":{}}],"line":50},"1":{"loc":{"start":{"line":85,"column":8},"end":{"line":87,"column":9}},"type":"if","locations":[{"start":{"line":85,"column":8},"end":{"line":87,"column":9}},{"start":{},"end":{}}],"line":85},"2":{"loc":{"start":{"line":98,"column":8},"end":{"line":100,"column":9}},"type":"if","locations":[{"start":{"line":98,"column":8},"end":{"line":100,"column":9}},{"start":{},"end":{}}],"line":98}},"s":{"0":1,"1":0,"2":0,"3":0,"4":0,"5":1,"6":2,"7":0,"8":0,"9":0,"10":2,"11":1,"12":0,"13":0,"14":0,"15":0,"16":0,"17":0,"18":0,"19":1,"20":3,"21":2,"22":0,"23":2,"24":1,"25":1,"26":0,"27":0,"28":0,"29":0},"f":{"0":0,"1":0,"2":0,"3":2,"4":0,"5":0,"6":0,"7":3,"8":2,"9":0},"b":{"0":[0,0],"1":[0,0],"2":[0,2]},"_coverageSchema":"1a1c01bbd47fc00a2c39e90264f33305004495a9","hash":"a34533a5e861aff759e71a5c7fa53c01e718eaf7"}
,"C:\\Users\\Ana\\Desktop\\proiect-nodejs\\proiect-nodejs\\src\\utils\\httpError.js": {"path":"C:\\Users\\Ana\\Desktop\\proiect-nodejs\\proiect-nodejs\\src\\utils\\httpError.js","statementMap":{"0":{"start":{"line":5,"column":4},"end":{"line":5,"column":12}},"1":{"start":{"line":6,"column":4},"end":{"line":6,"column":37}},"2":{"start":{"line":7,"column":4},"end":{"line":7,"column":33}}},"fnMap":{"0":{"name":"(anonymous_0)","decl":{"start":{"line":4,"column":2},"end":{"line":4,"column":3}},"loc":{"start":{"line":4,"column":40},"end":{"line":8,"column":3}},"line":4}},"branchMap":{},"s":{"0":4,"1":4,"2":4},"f":{"0":4},"b":{},"_coverageSchema":"1a1c01bbd47fc00a2c39e90264f33305004495a9","hash":"707df44c103c2803ac5ab814591e968004ae0c18"}
}
