TN:
SF:client.js
FNF:0
FNH:0
DA:3,1
LF:1
LH:1
BRF:0
BRH:0
end_of_record
TN:
SF:src\constants\prisma-errors.js
FNF:0
FNH:0
LF:0
LH:0
BRF:0
BRH:0
end_of_record
TN:
SF:src\services\posts.js
FN:6,(anonymous_0)
FN:16,(anonymous_1)
FN:27,(anonymous_2)
FN:34,(anonymous_3)
FN:49,(anonymous_4)
FN:59,(anonymous_5)
FN:70,(anonymous_6)
FN:92,(anonymous_7)
FN:97,(anonymous_8)
FN:107,(anonymous_9)
FNF:10
FNH:3
FNDA:0,(anonymous_0)
FNDA:0,(anonymous_1)
FNDA:0,(anonymous_2)
FNDA:2,(anonymous_3)
FNDA:0,(anonymous_4)
FNDA:0,(anonymous_5)
FNDA:0,(anonymous_6)
FNDA:3,(anonymous_7)
FNDA:2,(anonymous_8)
FNDA:0,(anonymous_9)
DA:6,1
DA:7,0
DA:17,0
DA:28,0
DA:31,0
DA:34,1
DA:35,2
DA:50,0
DA:51,0
DA:53,0
DA:56,2
DA:59,1
DA:60,0
DA:61,0
DA:71,0
DA:83,0
DA:85,0
DA:86,0
DA:88,0
DA:92,1
DA:93,3
DA:98,2
DA:99,0
DA:101,2
DA:104,1
DA:107,1
DA:108,0
DA:109,0
DA:121,0
DA:123,0
LF:30
LH:11
BRDA:50,0,0,0
BRDA:50,0,1,0
BRDA:85,1,0,0
BRDA:85,1,1,0
BRDA:98,2,0,0
BRDA:98,2,1,2
BRF:6
BRH:1
end_of_record
TN:
SF:src\utils\httpError.js
FN:4,(anonymous_0)
FNF:1
FNH:1
FNDA:4,(anonymous_0)
DA:5,4
DA:6,4
DA:7,4
LF:3
LH:3
BRF:0
BRH:0
end_of_record
